<?xml version="1.0" encoding="UTF-8"?>
<testsuite name="com.lookalike.admin.web.PostsApiControllerTest" tests="1" skipped="0" failures="0" errors="0" timestamp="2022-07-07T21:30:59" hostname="joignoui-MacBookPro-2.local" time="0.463">
  <properties/>
  <testcase name="Posts_등록" classname="com.lookalike.admin.web.PostsApiControllerTest" time="0.463"/>
  <system-out><![CDATA[06:30:54.440 [Test worker] DEBUG org.springframework.test.context.junit4.SpringJUnit4ClassRunner - SpringJUnit4ClassRunner constructor called with [class com.lookalike.admin.web.PostsApiControllerTest]
06:30:54.448 [Test worker] DEBUG org.springframework.test.context.BootstrapUtils - Instantiating CacheAwareContextLoaderDelegate from class [org.springframework.test.context.cache.DefaultCacheAwareContextLoaderDelegate]
06:30:54.455 [Test worker] DEBUG org.springframework.test.context.BootstrapUtils - Instantiating BootstrapContext using constructor [public org.springframework.test.context.support.DefaultBootstrapContext(java.lang.Class,org.springframework.test.context.CacheAwareContextLoaderDelegate)]
06:30:54.471 [Test worker] DEBUG org.springframework.test.context.BootstrapUtils - Instantiating TestContextBootstrapper for test class [com.lookalike.admin.web.PostsApiControllerTest] from class [org.springframework.boot.test.context.SpringBootTestContextBootstrapper]
06:30:54.481 [Test worker] INFO org.springframework.boot.test.context.SpringBootTestContextBootstrapper - Neither @ContextConfiguration nor @ContextHierarchy found for test class [com.lookalike.admin.web.PostsApiControllerTest], using SpringBootContextLoader
06:30:54.485 [Test worker] DEBUG org.springframework.test.context.support.AbstractContextLoader - Did not detect default resource location for test class [com.lookalike.admin.web.PostsApiControllerTest]: class path resource [com/lookalike/admin/web/PostsApiControllerTest-context.xml] does not exist
06:30:54.485 [Test worker] DEBUG org.springframework.test.context.support.AbstractContextLoader - Did not detect default resource location for test class [com.lookalike.admin.web.PostsApiControllerTest]: class path resource [com/lookalike/admin/web/PostsApiControllerTestContext.groovy] does not exist
06:30:54.485 [Test worker] INFO org.springframework.test.context.support.AbstractContextLoader - Could not detect default resource locations for test class [com.lookalike.admin.web.PostsApiControllerTest]: no resource found for suffixes {-context.xml, Context.groovy}.
06:30:54.486 [Test worker] INFO org.springframework.test.context.support.AnnotationConfigContextLoaderUtils - Could not detect default configuration classes for test class [com.lookalike.admin.web.PostsApiControllerTest]: PostsApiControllerTest does not declare any static, non-private, non-final, nested classes annotated with @Configuration.
06:30:54.527 [Test worker] DEBUG org.springframework.test.context.support.ActiveProfilesUtils - Could not find an 'annotation declaring class' for annotation type [org.springframework.test.context.ActiveProfiles] and class [com.lookalike.admin.web.PostsApiControllerTest]
06:30:54.609 [Test worker] DEBUG org.springframework.context.annotation.ClassPathScanningCandidateComponentProvider - Identified candidate component class: file [/Users/ikno/board/build/classes/java/main/com/lookalike/admin/Application.class]
06:30:54.610 [Test worker] INFO org.springframework.boot.test.context.SpringBootTestContextBootstrapper - Found @SpringBootConfiguration com.lookalike.admin.Application for test class com.lookalike.admin.web.PostsApiControllerTest
06:30:54.700 [Test worker] DEBUG org.springframework.boot.test.context.SpringBootTestContextBootstrapper - @TestExecutionListeners is not present for class [com.lookalike.admin.web.PostsApiControllerTest]: using defaults.
06:30:54.701 [Test worker] INFO org.springframework.boot.test.context.SpringBootTestContextBootstrapper - Loaded default TestExecutionListener class names from location [META-INF/spring.factories]: [org.springframework.security.test.context.support.WithSecurityContextTestExecutionListener, org.springframework.security.test.context.support.ReactorContextTestExecutionListener, org.springframework.boot.test.autoconfigure.restdocs.RestDocsTestExecutionListener, org.springframework.boot.test.autoconfigure.web.client.MockRestServiceServerResetTestExecutionListener, org.springframework.boot.test.autoconfigure.web.servlet.MockMvcPrintOnlyOnFailureTestExecutionListener, org.springframework.boot.test.autoconfigure.web.servlet.WebDriverTestExecutionListener, org.springframework.boot.test.mock.mockito.MockitoTestExecutionListener, org.springframework.boot.test.mock.mockito.ResetMocksTestExecutionListener, org.springframework.test.context.web.ServletTestExecutionListener, org.springframework.test.context.support.DirtiesContextBeforeModesTestExecutionListener, org.springframework.test.context.support.DependencyInjectionTestExecutionListener, org.springframework.test.context.support.DirtiesContextTestExecutionListener, org.springframework.test.context.transaction.TransactionalTestExecutionListener, org.springframework.test.context.jdbc.SqlScriptsTestExecutionListener]
06:30:54.722 [Test worker] INFO org.springframework.boot.test.context.SpringBootTestContextBootstrapper - Using TestExecutionListeners: [org.springframework.test.context.web.ServletTestExecutionListener@756d03ef, org.springframework.test.context.support.DirtiesContextBeforeModesTestExecutionListener@22f03eca, org.springframework.boot.test.mock.mockito.MockitoTestExecutionListener@5c0fd234, org.springframework.boot.test.autoconfigure.SpringBootDependencyInjectionTestExecutionListener@4a9b5be4, org.springframework.test.context.support.DirtiesContextTestExecutionListener@57745b23, org.springframework.test.context.transaction.TransactionalTestExecutionListener@74512969, org.springframework.test.context.jdbc.SqlScriptsTestExecutionListener@56eddba5, org.springframework.security.test.context.support.WithSecurityContextTestExecutionListener@4639fee7, org.springframework.security.test.context.support.ReactorContextTestExecutionListener@33e11840, org.springframework.boot.test.autoconfigure.restdocs.RestDocsTestExecutionListener@4e866534, org.springframework.boot.test.autoconfigure.web.client.MockRestServiceServerResetTestExecutionListener@760eafb2, org.springframework.boot.test.autoconfigure.web.servlet.MockMvcPrintOnlyOnFailureTestExecutionListener@7f49b952, org.springframework.boot.test.autoconfigure.web.servlet.WebDriverTestExecutionListener@44518de3, org.springframework.boot.test.mock.mockito.ResetMocksTestExecutionListener@3983ef98]
06:30:54.725 [Test worker] DEBUG org.springframework.test.annotation.ProfileValueUtils - Retrieved @ProfileValueSourceConfiguration [null] for test class [com.lookalike.admin.web.PostsApiControllerTest]
06:30:54.726 [Test worker] DEBUG org.springframework.test.annotation.ProfileValueUtils - Retrieved ProfileValueSource type [class org.springframework.test.annotation.SystemProfileValueSource] for class [com.lookalike.admin.web.PostsApiControllerTest]
06:30:54.730 [Test worker] DEBUG org.springframework.test.annotation.ProfileValueUtils - Retrieved @ProfileValueSourceConfiguration [null] for test class [com.lookalike.admin.web.PostsApiControllerTest]
06:30:54.730 [Test worker] DEBUG org.springframework.test.annotation.ProfileValueUtils - Retrieved ProfileValueSource type [class org.springframework.test.annotation.SystemProfileValueSource] for class [com.lookalike.admin.web.PostsApiControllerTest]
06:30:54.730 [Test worker] DEBUG org.springframework.test.annotation.ProfileValueUtils - Retrieved @ProfileValueSourceConfiguration [null] for test class [com.lookalike.admin.web.PostsApiControllerTest]
06:30:54.730 [Test worker] DEBUG org.springframework.test.annotation.ProfileValueUtils - Retrieved ProfileValueSource type [class org.springframework.test.annotation.SystemProfileValueSource] for class [com.lookalike.admin.web.PostsApiControllerTest]
06:30:54.733 [Test worker] DEBUG org.springframework.test.context.support.AbstractDirtiesContextTestExecutionListener - Before test class: context [DefaultTestContext@14ba1498 testClass = PostsApiControllerTest, testInstance = [null], testMethod = [null], testException = [null], mergedContextConfiguration = [WebMergedContextConfiguration@78aafee0 testClass = PostsApiControllerTest, locations = '{}', classes = '{class com.lookalike.admin.Application}', contextInitializerClasses = '[]', activeProfiles = '{}', propertySourceLocations = '{}', propertySourceProperties = '{org.springframework.boot.test.context.SpringBootTestContextBootstrapper=true, server.port=0}', contextCustomizers = set[org.springframework.boot.test.autoconfigure.properties.PropertyMappingContextCustomizer@0, org.springframework.boot.test.autoconfigure.web.servlet.WebDriverContextCustomizerFactory$Customizer@628ecb56, org.springframework.boot.test.context.filter.ExcludeFilterContextCustomizer@13432e40, org.springframework.boot.test.json.DuplicateJsonObjectContextCustomizerFactory$DuplicateJsonObjectContextCustomizer@c4f782f, org.springframework.boot.test.mock.mockito.MockitoContextCustomizer@0, org.springframework.boot.test.web.client.TestRestTemplateContextCustomizer@5f0c1918], resourceBasePath = 'src/main/webapp', contextLoader = 'org.springframework.boot.test.context.SpringBootContextLoader', parent = [null]], attributes = map['org.springframework.test.context.web.ServletTestExecutionListener.activateListener' -> false]], class annotated with @DirtiesContext [false] with mode [null].
06:30:54.734 [Test worker] DEBUG org.springframework.test.annotation.ProfileValueUtils - Retrieved @ProfileValueSourceConfiguration [null] for test class [com.lookalike.admin.web.PostsApiControllerTest]
06:30:54.734 [Test worker] DEBUG org.springframework.test.annotation.ProfileValueUtils - Retrieved ProfileValueSource type [class org.springframework.test.annotation.SystemProfileValueSource] for class [com.lookalike.admin.web.PostsApiControllerTest]
06:30:54.739 [Test worker] DEBUG org.springframework.test.context.support.DependencyInjectionTestExecutionListener - Performing dependency injection for test context [[DefaultTestContext@14ba1498 testClass = PostsApiControllerTest, testInstance = com.lookalike.admin.web.PostsApiControllerTest@55c72c23, testMethod = [null], testException = [null], mergedContextConfiguration = [WebMergedContextConfiguration@78aafee0 testClass = PostsApiControllerTest, locations = '{}', classes = '{class com.lookalike.admin.Application}', contextInitializerClasses = '[]', activeProfiles = '{}', propertySourceLocations = '{}', propertySourceProperties = '{org.springframework.boot.test.context.SpringBootTestContextBootstrapper=true, server.port=0}', contextCustomizers = set[org.springframework.boot.test.autoconfigure.properties.PropertyMappingContextCustomizer@0, org.springframework.boot.test.autoconfigure.web.servlet.WebDriverContextCustomizerFactory$Customizer@628ecb56, org.springframework.boot.test.context.filter.ExcludeFilterContextCustomizer@13432e40, org.springframework.boot.test.json.DuplicateJsonObjectContextCustomizerFactory$DuplicateJsonObjectContextCustomizer@c4f782f, org.springframework.boot.test.mock.mockito.MockitoContextCustomizer@0, org.springframework.boot.test.web.client.TestRestTemplateContextCustomizer@5f0c1918], resourceBasePath = 'src/main/webapp', contextLoader = 'org.springframework.boot.test.context.SpringBootContextLoader', parent = [null]], attributes = map['org.springframework.test.context.web.ServletTestExecutionListener.activateListener' -> false]]].
06:30:54.759 [Test worker] DEBUG org.springframework.test.context.support.TestPropertySourceUtils - Adding inlined properties to environment: {spring.jmx.enabled=false, org.springframework.boot.test.context.SpringBootTestContextBootstrapper=true, server.port=0}

  .   ____          _            __ _ _
 /\\ / ___'_ __ _ _(_)_ __  __ _ \ \ \ \
( ( )\___ | '_ | '_| | '_ \/ _` | \ \ \ \
 \\/  ___)| |_)| | | | | || (_| |  ) ) ) )
  '  |____| .__|_| |_|_| |_\__, | / / / /
 =========|_|==============|___/=/_/_/_/
 :: Spring Boot ::        (v2.1.7.RELEASE)

2022-07-08 06:30:55.019  INFO 36813 --- [    Test worker] c.l.admin.web.PostsApiControllerTest     : Starting PostsApiControllerTest on joignoui-MacBookPro-2.local with PID 36813 (started by ikno in /Users/ikno/board)
2022-07-08 06:30:55.020  INFO 36813 --- [    Test worker] c.l.admin.web.PostsApiControllerTest     : No active profile set, falling back to default profiles: default
2022-07-08 06:30:55.614  INFO 36813 --- [    Test worker] .s.d.r.c.RepositoryConfigurationDelegate : Bootstrapping Spring Data repositories in DEFAULT mode.
2022-07-08 06:30:55.666  INFO 36813 --- [    Test worker] .s.d.r.c.RepositoryConfigurationDelegate : Finished Spring Data repository scanning in 45ms. Found 2 repository interfaces.
2022-07-08 06:30:55.999  INFO 36813 --- [    Test worker] trationDelegate$BeanPostProcessorChecker : Bean 'org.springframework.transaction.annotation.ProxyTransactionManagementConfiguration' of type [org.springframework.transaction.annotation.ProxyTransactionManagementConfiguration$$EnhancerBySpringCGLIB$$46c95c0b] is not eligible for getting processed by all BeanPostProcessors (for example: not eligible for auto-proxying)
2022-07-08 06:30:56.268  INFO 36813 --- [    Test worker] o.s.b.w.embedded.tomcat.TomcatWebServer  : Tomcat initialized with port(s): 0 (http)
2022-07-08 06:30:56.296  INFO 36813 --- [    Test worker] o.apache.catalina.core.StandardService   : Starting service [Tomcat]
2022-07-08 06:30:56.296  INFO 36813 --- [    Test worker] org.apache.catalina.core.StandardEngine  : Starting Servlet engine: [Apache Tomcat/9.0.22]
2022-07-08 06:30:56.429  INFO 36813 --- [    Test worker] o.a.c.c.C.[Tomcat].[localhost].[/]       : Initializing Spring embedded WebApplicationContext
2022-07-08 06:30:56.429  INFO 36813 --- [    Test worker] o.s.web.context.ContextLoader            : Root WebApplicationContext: initialization completed in 1396 ms
2022-07-08 06:30:56.624  INFO 36813 --- [    Test worker] com.zaxxer.hikari.HikariDataSource       : HikariPool-1 - Starting...
2022-07-08 06:30:56.756  INFO 36813 --- [    Test worker] com.zaxxer.hikari.HikariDataSource       : HikariPool-1 - Start completed.
2022-07-08 06:30:56.830  INFO 36813 --- [    Test worker] o.hibernate.jpa.internal.util.LogHelper  : HHH000204: Processing PersistenceUnitInfo [
	name: default
	...]
2022-07-08 06:30:56.902  INFO 36813 --- [    Test worker] org.hibernate.Version                    : HHH000412: Hibernate Core {5.3.10.Final}
2022-07-08 06:30:56.903  INFO 36813 --- [    Test worker] org.hibernate.cfg.Environment            : HHH000206: hibernate.properties not found
2022-07-08 06:30:57.041  INFO 36813 --- [    Test worker] o.hibernate.annotations.common.Version   : HCANN000001: Hibernate Commons Annotations {5.0.4.Final}
2022-07-08 06:30:57.157  INFO 36813 --- [    Test worker] org.hibernate.dialect.Dialect            : HHH000400: Using dialect: org.hibernate.dialect.MySQL5InnoDBDialect
Hibernate: drop table if exists posts
Hibernate: drop table if exists user
Hibernate: create table posts (id bigint not null auto_increment, created_date datetime, modified_date datetime, author varchar(255), content TEXT not null, title varchar(500) not null, primary key (id)) engine=InnoDB
Hibernate: create table user (id bigint not null auto_increment, created_date datetime, modified_date datetime, email varchar(255) not null, name varchar(255) not null, picture varchar(255), role varchar(255) not null, primary key (id)) engine=InnoDB
2022-07-08 06:30:57.746  INFO 36813 --- [    Test worker] o.h.t.schema.internal.SchemaCreatorImpl  : HHH000476: Executing import script 'org.hibernate.tool.schema.internal.exec.ScriptSourceInputNonExistentImpl@5d54addf'
2022-07-08 06:30:57.749  INFO 36813 --- [    Test worker] j.LocalContainerEntityManagerFactoryBean : Initialized JPA EntityManagerFactory for persistence unit 'default'
2022-07-08 06:30:58.241  INFO 36813 --- [    Test worker] o.h.h.i.QueryTranslatorFactoryInitiator  : HHH000397: Using ASTQueryTranslatorFactory
2022-07-08 06:30:58.539  INFO 36813 --- [    Test worker] o.s.s.web.DefaultSecurityFilterChain     : Creating filter chain: any request, [org.springframework.security.web.context.request.async.WebAsyncManagerIntegrationFilter@4325b0ea, org.springframework.security.web.context.SecurityContextPersistenceFilter@6a0ebb39, org.springframework.security.web.header.HeaderWriterFilter@9c2640f, org.springframework.security.web.authentication.logout.LogoutFilter@6b64479b, org.springframework.security.oauth2.client.web.OAuth2AuthorizationRequestRedirectFilter@5c57b243, org.springframework.security.oauth2.client.web.OAuth2LoginAuthenticationFilter@f5e07f3, org.springframework.security.web.authentication.ui.DefaultLoginPageGeneratingFilter@8852ef8, org.springframework.security.web.authentication.ui.DefaultLogoutPageGeneratingFilter@42fd8f5c, org.springframework.security.web.savedrequest.RequestCacheAwareFilter@2aca6b75, org.springframework.security.web.servletapi.SecurityContextHolderAwareRequestFilter@3c731cfb, org.springframework.security.web.authentication.AnonymousAuthenticationFilter@232931ac, org.springframework.security.web.session.SessionManagementFilter@453c7bc3, org.springframework.security.web.access.ExceptionTranslationFilter@c3b1394, org.springframework.security.web.access.intercept.FilterSecurityInterceptor@7e10706d]
2022-07-08 06:30:58.781  INFO 36813 --- [    Test worker] o.s.s.concurrent.ThreadPoolTaskExecutor  : Initializing ExecutorService 'applicationTaskExecutor'
2022-07-08 06:30:58.824  WARN 36813 --- [    Test worker] aWebConfiguration$JpaWebMvcConfiguration : spring.jpa.open-in-view is enabled by default. Therefore, database queries may be performed during view rendering. Explicitly configure spring.jpa.open-in-view to disable this warning
2022-07-08 06:30:58.860  INFO 36813 --- [    Test worker] o.s.b.a.w.s.WelcomePageHandlerMapping    : Adding welcome page template: index
2022-07-08 06:30:59.072  INFO 36813 --- [    Test worker] s.a.ScheduledAnnotationBeanPostProcessor : No TaskScheduler/ScheduledExecutorService bean found for scheduled processing
2022-07-08 06:30:59.096  INFO 36813 --- [    Test worker] o.s.b.w.embedded.tomcat.TomcatWebServer  : Tomcat started on port(s): 49765 (http) with context path ''
2022-07-08 06:30:59.099  INFO 36813 --- [    Test worker] c.l.admin.web.PostsApiControllerTest     : Started PostsApiControllerTest in 4.337 seconds (JVM running for 5.205)
2022-07-08 06:30:59.190  INFO 36813 --- [    Test worker] o.a.c.c.C.[Tomcat].[localhost].[/]       : Initializing Spring TestDispatcherServlet ''
2022-07-08 06:30:59.190  INFO 36813 --- [    Test worker] o.s.t.web.servlet.TestDispatcherServlet  : Initializing Servlet ''
2022-07-08 06:30:59.200  INFO 36813 --- [    Test worker] o.s.t.web.servlet.TestDispatcherServlet  : Completed initialization in 10 ms
2022-07-08 06:30:59.317  INFO 36813 --- [o-auto-1-exec-1] o.a.c.c.C.[Tomcat].[localhost].[/]       : Initializing Spring DispatcherServlet 'dispatcherServlet'
2022-07-08 06:30:59.317  INFO 36813 --- [o-auto-1-exec-1] o.s.web.servlet.DispatcherServlet        : Initializing Servlet 'dispatcherServlet'
2022-07-08 06:30:59.319  INFO 36813 --- [o-auto-1-exec-1] o.s.web.servlet.DispatcherServlet        : Completed initialization in 2 ms
Hibernate: insert into posts (created_date, modified_date, author, content, title) values (?, ?, ?, ?, ?)
Hibernate: select posts0_.id as id1_0_, posts0_.created_date as created_2_0_, posts0_.modified_date as modified3_0_, posts0_.author as author4_0_, posts0_.content as content5_0_, posts0_.title as title6_0_ from posts posts0_
Hibernate: select posts0_.id as id1_0_, posts0_.created_date as created_2_0_, posts0_.modified_date as modified3_0_, posts0_.author as author4_0_, posts0_.content as content5_0_, posts0_.title as title6_0_ from posts posts0_
Hibernate: delete from posts where id=?
]]></system-out>
  <system-err><![CDATA[]]></system-err>
</testsuite>
